<?xml version="1.0" encoding="UTF-8"?>
<!-- Generated by org.testng.reporters.JUnitXMLReporter -->
<testsuite ignored="0" hostname="DESKTOP-T3MTJAC" failures="0" tests="4" name="Test" time="9.715" errors="0" timestamp="2023-04-06T23:47:34 IST">
  <testcase classname="test_class.Post_TC1" name="orchestrator" time="5.755"/>
  <testcase classname="test_class.Patch_TC1" name="orchestrator" time="1.195"/>
  <testcase classname="test_class.Put_TC1" name="orchestrator" time="1.143"/>
  <testcase classname="test_class.Get_tc1" name="orchestrator" time="1.337"/>
</testsuite> <!-- Test -->
